<?xml version="1.0" encoding="UTF-8"?>
<!-- Generated by org.testng.reporters.JUnitXMLReporter -->
<testsuite ignored="1" hostname="Cutie" failures="0" tests="2" name="Smoke Tests" time="0.041" errors="0" timestamp="2025-08-20T23:53:01 IST">
  <testcase classname="Wipro.TestNG.labsession16august_Q1" name="logoutTest" time="0.007"/>
  <testcase classname="Wipro.TestNG.labsession16august_Q1" name="paymentTest" time="0.001"/>
  <testcase classname="Wipro.TestNG.labsession16august_Q1" name="loginTest" time="0.0">
    <ignored/>
  </testcase> <!-- loginTest -->
</testsuite> <!-- Smoke Tests -->
